[debug] [2025-10-16T17:13:25.656Z] ----------------------------------------------------------------------
[debug] [2025-10-16T17:13:25.662Z] Command:       C:\Program Files\nodejs\node.exe C:\Users\DELL\AppData\Roaming\npm\node_modules\firebase-tools\lib\bin\firebase.js init
[debug] [2025-10-16T17:13:25.663Z] CLI Version:   14.20.0
[debug] [2025-10-16T17:13:25.663Z] Platform:      win32
[debug] [2025-10-16T17:13:25.664Z] Node Version:  v20.18.1
[debug] [2025-10-16T17:13:25.664Z] Time:          Thu Oct 16 2025 22:43:25 GMT+0530 (India Standard Time)
[debug] [2025-10-16T17:13:25.664Z] ----------------------------------------------------------------------
[debug] 
[info] 
     ######## #### ########  ######## ########     ###     ######  ########
     ##        ##  ##     ## ##       ##     ##  ##   ##  ##       ##
     ######    ##  ########  ######   ########  #########  ######  ######
     ##        ##  ##    ##  ##       ##     ## ##     ##       ## ##
     ##       #### ##     ## ######## ########  ##     ##  ######  ########

You're about to initialize a Firebase project in this directory:

  D:\2048_Game_Project\2048_Game

Before we get started, keep in mind:

  * You are initializing within an existing Firebase project directory

[info] 
=== Project Setup
[info] 
[info] First, let's associate this project directory with a Firebase project.
[info] You can create multiple project aliases by running firebase use --add, 
[info] 
[debug] [2025-10-16T17:15:59.171Z] > command requires scopes: ["email","openid","https://www.googleapis.com/auth/cloudplatformprojects.readonly","https://www.googleapis.com/auth/firebase","https://www.googleapis.com/auth/cloud-platform"]
[debug] [2025-10-16T17:15:59.172Z] > authorizing via signed-in user (deepatech.k@gmail.com)
[debug] [2025-10-16T17:15:59.175Z] Checked if tokens are valid: true, expires at: 1760638169088
[debug] [2025-10-16T17:15:59.176Z] Checked if tokens are valid: true, expires at: 1760638169088
[debug] [2025-10-16T17:15:59.179Z] >>> [apiv2][query] GET https://firebase.googleapis.com/v1beta1/projects/multiconnect-8580b [none]
[debug] [2025-10-16T17:16:00.045Z] <<< [apiv2][status] GET https://firebase.googleapis.com/v1beta1/projects/multiconnect-8580b 403
[debug] [2025-10-16T17:16:00.046Z] <<< [apiv2][body] GET https://firebase.googleapis.com/v1beta1/projects/multiconnect-8580b {"error":{"code":403,"message":"The caller does not have permission","status":"PERMISSION_DENIED"}}
[debug] [2025-10-16T17:16:00.047Z] Request to https://firebase.googleapis.com/v1beta1/projects/multiconnect-8580b had HTTP Error: 403, The caller does not have permission
[debug] [2025-10-16T17:16:00.049Z] FirebaseError: Request to https://firebase.googleapis.com/v1beta1/projects/multiconnect-8580b had HTTP Error: 403, The caller does not have permission
    at responseToError (C:\Users\DELL\AppData\Roaming\npm\node_modules\firebase-tools\lib\responseToError.js:53:12)
    at RetryOperation._fn (C:\Users\DELL\AppData\Roaming\npm\node_modules\firebase-tools\lib\apiv2.js:312:77)
    at process.processTicksAndRejections (node:internal/process/task_queues:95:5)
[error] 
[error] Error: Failed to get Firebase project multiconnect-8580b. Please make sure the project exists and your account has permission to access it.
